<?xml version="1.0" encoding="UTF-8"?>
<!-- Generated by org.testng.reporters.JUnitReportReporter -->
<testsuite hostname="MTL-Kiran" failures="0" tests="2" name="com.crm.qa.testcases.LoginPageTest" time="0.015" errors="0" timestamp="13 Jan. 2021 00:22:05 GMT" skipped="1">
  <testcase classname="com.crm.qa.testcases.LoginPageTest" name="loginPageTitleTest" time="0.015"/>
  <testcase classname="com.crm.qa.testcases.LoginPageTest" name="crmLogoImageTest">
    <skipped/>
  </testcase> <!-- crmLogoImageTest -->
</testsuite> <!-- com.crm.qa.testcases.LoginPageTest -->
